0 info it worked if it ends with ok
1 verbose cli [ 'node', '/usr/local/bin/npm', 'install', '-g', 'bower' ]
2 info using npm@1.4.28
3 info using node@v0.10.33
4 verbose cache add [ 'bower', null ]
5 verbose cache add name=undefined spec="bower" args=["bower",null]
6 verbose parsed url { protocol: null,
6 verbose parsed url   slashes: null,
6 verbose parsed url   auth: null,
6 verbose parsed url   host: null,
6 verbose parsed url   port: null,
6 verbose parsed url   hostname: null,
6 verbose parsed url   hash: null,
6 verbose parsed url   search: null,
6 verbose parsed url   query: null,
6 verbose parsed url   pathname: 'bower',
6 verbose parsed url   path: 'bower',
6 verbose parsed url   href: 'bower' }
7 silly lockFile 206e3ce5-bower bower
8 verbose lock bower /Users/user/.npm/206e3ce5-bower.lock
9 silly lockFile 206e3ce5-bower bower
10 silly lockFile 206e3ce5-bower bower
11 verbose addNamed [ 'bower', '' ]
12 verbose addNamed [ null, '*' ]
13 silly lockFile 1240aab1-bower bower@
14 verbose lock bower@ /Users/user/.npm/1240aab1-bower.lock
15 silly addNameRange { name: 'bower', range: '*', hasData: false }
16 verbose request where is /bower
17 verbose request registry https://registry.npmjs.org/
18 verbose request id baa8c77abe0f2968
19 verbose url raw /bower
20 verbose url resolving [ 'https://registry.npmjs.org/', './bower' ]
21 verbose url resolved https://registry.npmjs.org/bower
22 verbose request where is https://registry.npmjs.org/bower
23 info trying registry request attempt 1 at 11:58:48
24 verbose etag "5ZISPLQVWEMUV9ECMHX3B5KAM"
25 http GET https://registry.npmjs.org/bower
26 http 304 https://registry.npmjs.org/bower
27 silly registry.get cb [ 304,
27 silly registry.get   { date: 'Fri, 23 Oct 2015 10:58:49 GMT',
27 silly registry.get     via: '1.1 varnish',
27 silly registry.get     'cache-control': 'max-age=60',
27 silly registry.get     etag: '"5ZISPLQVWEMUV9ECMHX3B5KAM"',
27 silly registry.get     age: '35',
27 silly registry.get     connection: 'keep-alive',
27 silly registry.get     'x-served-by': 'cache-lcy1125-LCY',
27 silly registry.get     'x-cache': 'HIT',
27 silly registry.get     'x-cache-hits': '1',
27 silly registry.get     'x-timer': 'S1445597929.139482,VS0,VE1',
27 silly registry.get     vary: 'Accept' } ]
28 verbose etag https://registry.npmjs.org/bower from cache
29 silly addNameRange number 2 { name: 'bower', range: '*', hasData: true }
30 silly addNameRange versions [ 'bower',
30 silly addNameRange   [ '0.1.0',
30 silly addNameRange     '0.1.2',
30 silly addNameRange     '0.1.3',
30 silly addNameRange     '0.2.0',
30 silly addNameRange     '0.3.0',
30 silly addNameRange     '0.3.1',
30 silly addNameRange     '0.3.2',
30 silly addNameRange     '0.4.0',
30 silly addNameRange     '0.5.0',
30 silly addNameRange     '0.5.1',
30 silly addNameRange     '0.6.0',
30 silly addNameRange     '0.6.1',
30 silly addNameRange     '0.6.2',
30 silly addNameRange     '0.6.3',
30 silly addNameRange     '0.6.4',
30 silly addNameRange     '0.6.5',
30 silly addNameRange     '0.6.6',
30 silly addNameRange     '0.6.7',
30 silly addNameRange     '0.6.8',
30 silly addNameRange     '0.7.0',
30 silly addNameRange     '0.7.1',
30 silly addNameRange     '0.8.0',
30 silly addNameRange     '0.8.1',
30 silly addNameRange     '0.8.2',
30 silly addNameRange     '0.8.3',
30 silly addNameRange     '0.8.4',
30 silly addNameRange     '0.8.5',
30 silly addNameRange     '0.8.6',
30 silly addNameRange     '0.9.0',
30 silly addNameRange     '0.9.1',
30 silly addNameRange     '0.9.2',
30 silly addNameRange     '0.10.0',
30 silly addNameRange     '1.0.0',
30 silly addNameRange     '1.0.1',
30 silly addNameRange     '1.0.2',
30 silly addNameRange     '1.0.3',
30 silly addNameRange     '1.1.0',
30 silly addNameRange     '1.1.1',
30 silly addNameRange     '1.1.2',
30 silly addNameRange     '1.2.0',
30 silly addNameRange     '1.2.1',
30 silly addNameRange     '1.2.2',
30 silly addNameRange     '1.2.3',
30 silly addNameRange     '1.2.4',
30 silly addNameRange     '1.2.5',
30 silly addNameRange     '1.2.6',
30 silly addNameRange     '1.2.7',
30 silly addNameRange     '1.2.8',
30 silly addNameRange     '1.3.0',
30 silly addNameRange     '1.3.1',
30 silly addNameRange     '1.3.2',
30 silly addNameRange     '1.3.3',
30 silly addNameRange     '1.3.4',
30 silly addNameRange     '1.3.5',
30 silly addNameRange     '1.3.6',
30 silly addNameRange     '1.3.7',
30 silly addNameRange     '1.3.8',
30 silly addNameRange     '1.3.9',
30 silly addNameRange     '1.3.10',
30 silly addNameRange     '1.3.11',
30 silly addNameRange     '1.3.12',
30 silly addNameRange     '1.4.0',
30 silly addNameRange     '1.4.1',
30 silly addNameRange     '1.5.0',
30 silly addNameRange     '1.5.1',
30 silly addNameRange     '1.5.2',
30 silly addNameRange     '1.5.3',
30 silly addNameRange     '1.6.2',
30 silly addNameRange     '1.6.3' ] ]
31 verbose addNamed [ 'bower', '1.6.3' ]
32 verbose addNamed [ '1.6.3', '1.6.3' ]
33 silly lockFile cb21808c-bower-1-6-3 bower@1.6.3
34 verbose lock bower@1.6.3 /Users/user/.npm/cb21808c-bower-1-6-3.lock
35 silly lockFile cb21808c-bower-1-6-3 bower@1.6.3
36 silly lockFile cb21808c-bower-1-6-3 bower@1.6.3
37 silly lockFile 1240aab1-bower bower@
38 silly lockFile 1240aab1-bower bower@
39 silly resolved [ { name: 'bower',
39 silly resolved     version: '1.6.3',
39 silly resolved     description: 'The browser package manager',
39 silly resolved     author: { name: 'Twitter' },
39 silly resolved     license: 'MIT',
39 silly resolved     repository: { type: 'git', url: 'git+https://github.com/bower/bower.git' },
39 silly resolved     main: 'lib',
39 silly resolved     homepage: 'http://bower.io',
39 silly resolved     engines: { node: '>=0.10.0' },
39 silly resolved     keywords: [ 'bower' ],
39 silly resolved     dependencies:
39 silly resolved      { abbrev: '^1.0.5',
39 silly resolved        archy: '1.0.0',
39 silly resolved        'bower-config': '^1.2.2',
39 silly resolved        'bower-endpoint-parser': '^0.2.2',
39 silly resolved        'bower-json': '^0.4.0',
39 silly resolved        'bower-logger': '^0.2.2',
39 silly resolved        'bower-registry-client': '^1.0.0',
39 silly resolved        cardinal: '0.4.4',
39 silly resolved        chalk: '^1.0.0',
39 silly resolved        chmodr: '^1.0.2',
39 silly resolved        configstore: '^0.3.2',
39 silly resolved        'decompress-zip': '^0.1.0',
39 silly resolved        destroy: '^1.0.3',
39 silly resolved        'fs-write-stream-atomic': '^1.0.4',
39 silly resolved        fstream: '^1.0.3',
39 silly resolved        'fstream-ignore': '^1.0.2',
39 silly resolved        github: '^0.2.3',
39 silly resolved        glob: '^4.3.2',
39 silly resolved        'graceful-fs': '^3.0.5',
39 silly resolved        handlebars: '^2.0.0',
39 silly resolved        inquirer: '0.10.0',
39 silly resolved        insight: '^0.7.0',
39 silly resolved        'is-root': '^1.0.0',
39 silly resolved        junk: '^1.0.0',
39 silly resolved        lockfile: '^1.0.0',
39 silly resolved        'lru-cache': '^2.5.0',
39 silly resolved        'md5-hex': '^1.0.2',
39 silly resolved        mkdirp: '0.5.0',
39 silly resolved        mout: '^0.11.0',
39 silly resolved        nopt: '^3.0.1',
39 silly resolved        opn: '^1.0.1',
39 silly resolved        'p-throttler': '0.1.1',
39 silly resolved        promptly: '0.2.0',
39 silly resolved        q: '^1.1.2',
39 silly resolved        request: '2.53.0',
39 silly resolved        'request-progress': '0.3.1',
39 silly resolved        retry: '0.6.1',
39 silly resolved        rimraf: '^2.2.8',
39 silly resolved        semver: '^2.3.0',
39 silly resolved        'shell-quote': '^1.4.2',
39 silly resolved        'stringify-object': '^1.0.0',
39 silly resolved        'tar-fs': '^1.4.1',
39 silly resolved        tmp: '0.0.24',
39 silly resolved        'update-notifier': '^0.3.0',
39 silly resolved        'user-home': '^1.1.0',
39 silly resolved        which: '^1.0.8' },
39 silly resolved     devDependencies:
39 silly resolved      { chai: '^1.10.0',
39 silly resolved        coveralls: '^2.11.2',
39 silly resolved        'expect.js': '^0.3.1',
39 silly resolved        grunt: '^0.4.5',
39 silly resolved        'grunt-cli': '^0.1.13',
39 silly resolved        'grunt-contrib-jshint': '^0.10.0',
39 silly resolved        'grunt-contrib-watch': '^0.6.1',
39 silly resolved        'grunt-exec': '^0.4.6',
39 silly resolved        'grunt-simple-mocha': '^0.4.0',
39 silly resolved        istanbul: '^0.3.5',
39 silly resolved        'load-grunt-tasks': '^2.0.0',
39 silly resolved        mocha: '^2.1.0',
39 silly resolved        multiline: '^1.0.2',
39 silly resolved        nock: '^2.13.0',
39 silly resolved        'node-uuid': '^1.4.2',
39 silly resolved        'npm-shrinkwrap': '^5.4.1',
39 silly resolved        proxyquire: '^1.3.0',
39 silly resolved        'spawn-sync': '^1.0.5' },
39 silly resolved     scripts: { test: 'grunt test' },
39 silly resolved     bin: { bower: 'bin/bower' },
39 silly resolved     files: [ 'bin', 'lib', 'templates' ],
39 silly resolved     gitHead: '2330d59ffa8f4f543a9f6ee4b0301e396236bf45',
39 silly resolved     bugs: { url: 'https://github.com/bower/bower/issues' },
39 silly resolved     bundleDependencies:
39 silly resolved      [ 'abbrev',
39 silly resolved        'archy',
39 silly resolved        'bower-config',
39 silly resolved        'bower-endpoint-parser',
39 silly resolved        'bower-json',
39 silly resolved        'bower-logger',
39 silly resolved        'bower-registry-client',
39 silly resolved        'cardinal',
39 silly resolved        'chalk',
39 silly resolved        'chmodr',
39 silly resolved        'configstore',
39 silly resolved        'decompress-zip',
39 silly resolved        'destroy',
39 silly resolved        'fs-write-stream-atomic',
39 silly resolved        'fstream',
39 silly resolved        'fstream-ignore',
39 silly resolved        'github',
39 silly resolved        'glob',
39 silly resolved        'graceful-fs',
39 silly resolved        'handlebars',
39 silly resolved        'inquirer',
39 silly resolved        'insight',
39 silly resolved        'is-root',
39 silly resolved        'junk',
39 silly resolved        'lockfile',
39 silly resolved        'lru-cache',
39 silly resolved        'md5-hex',
39 silly resolved        'mkdirp',
39 silly resolved        'mout',
39 silly resolved        'nopt',
39 silly resolved        'opn',
39 silly resolved        'p-throttler',
39 silly resolved        'promptly',
39 silly resolved        'q',
39 silly resolved        'request',
39 silly resolved        'request-progress',
39 silly resolved        'retry',
39 silly resolved        'rimraf',
39 silly resolved        'semver',
39 silly resolved        'shell-quote',
39 silly resolved        'stringify-object',
39 silly resolved        'tar-fs',
39 silly resolved        'tmp',
39 silly resolved        'update-notifier',
39 silly resolved        'user-home',
39 silly resolved        'which' ],
39 silly resolved     _id: 'bower@1.6.3',
39 silly resolved     _shasum: '70ab999e25dec5c078afcaf545a991f683dc1ea6',
39 silly resolved     _from: 'bower@',
39 silly resolved     _npmVersion: '2.14.7',
39 silly resolved     _nodeVersion: '4.1.1',
39 silly resolved     _npmUser: { name: 'sheerun', email: 'sheerun@sher.pl' },
39 silly resolved     dist:
39 silly resolved      { shasum: '70ab999e25dec5c078afcaf545a991f683dc1ea6',
39 silly resolved        tarball: 'http://registry.npmjs.org/bower/-/bower-1.6.3.tgz' },
39 silly resolved     maintainers: [ [Object], [Object], [Object], [Object], [Object], [Object] ],
39 silly resolved     directories: {},
39 silly resolved     _resolved: 'https://registry.npmjs.org/bower/-/bower-1.6.3.tgz',
39 silly resolved     readme: 'ERROR: No README data found!' } ]
40 info install bower@1.6.3 into /usr/local/lib
41 info installOne bower@1.6.3
42 verbose lib/node_modules/bower unbuild
43 verbose tar unpack /Users/user/.npm/bower/1.6.3/package.tgz
44 silly lockFile 1396471b-usr-local-lib-node-modules-bower tar:///usr/local/lib/node_modules/bower
45 verbose lock tar:///usr/local/lib/node_modules/bower /Users/user/.npm/1396471b-usr-local-lib-node-modules-bower.lock
46 silly lockFile b70b41d0-user-npm-bower-1-6-3-package-tgz tar:///Users/user/.npm/bower/1.6.3/package.tgz
47 verbose lock tar:///Users/user/.npm/bower/1.6.3/package.tgz /Users/user/.npm/b70b41d0-user-npm-bower-1-6-3-package-tgz.lock
48 silly gunzTarPerm modes [ '755', '644' ]
49 error Error: EACCES, mkdir '/usr/local/lib/node_modules/bower'
49 error  { [Error: EACCES, mkdir '/usr/local/lib/node_modules/bower']
49 error   errno: 3,
49 error   code: 'EACCES',
49 error   path: '/usr/local/lib/node_modules/bower',
49 error   fstream_type: 'Directory',
49 error   fstream_path: '/usr/local/lib/node_modules/bower',
49 error   fstream_class: 'DirWriter',
49 error   fstream_stack:
49 error    [ '/usr/local/lib/node_modules/npm/node_modules/fstream/lib/dir-writer.js:36:23',
49 error      '/usr/local/lib/node_modules/npm/node_modules/mkdirp/index.js:46:53',
49 error      'Object.oncomplete (fs.js:107:15)' ] }
50 error Please try running this command again as root/Administrator.
51 error System Darwin 15.0.0
52 error command "node" "/usr/local/bin/npm" "install" "-g" "bower"
53 error cwd /Users/user/Documents/Uni_Work/GP/Web/mobile/rushmore
54 error node -v v0.10.33
55 error npm -v 1.4.28
56 error path /usr/local/lib/node_modules/bower
57 error fstream_path /usr/local/lib/node_modules/bower
58 error fstream_type Directory
59 error fstream_class DirWriter
60 error code EACCES
61 error errno 3
62 error stack Error: EACCES, mkdir '/usr/local/lib/node_modules/bower'
63 error fstream_stack /usr/local/lib/node_modules/npm/node_modules/fstream/lib/dir-writer.js:36:23
63 error fstream_stack /usr/local/lib/node_modules/npm/node_modules/mkdirp/index.js:46:53
63 error fstream_stack Object.oncomplete (fs.js:107:15)
64 verbose exit [ 3, true ]
